app/build/intermediates/manifest_merge_blame_file/debug/processDebugMainManifest/manifest-merger-blame-debug-report.txt
1<?xml version="1.0" encoding="utf-8"?>
2<manifest xmlns:android="http://schemas.android.com/apk/res/android"
3    package="com.example.xpjourney"
4    android:versionCode="1"
5    android:versionName="1.0" >
6
7    <uses-sdk
8        android:minSdkVersion="24"
9        android:targetSdkVersion="36" />
10
11    <permission
11-->[androidx.core:core:1.17.0] AndroidManifest.xml:22:5-24:47
12        android:name="com.example.xpjourney.DYNAMIC_RECEIVER_NOT_EXPORTED_PERMISSION"
12-->[androidx.core:core:1.17.0] AndroidManifest.xml:23:9-81
13        android:protectionLevel="signature" />
13-->[androidx.core:core:1.17.0] AndroidManifest.xml:24:9-44
14
15    <uses-permission android:name="com.example.xpjourney.DYNAMIC_RECEIVER_NOT_EXPORTED_PERMISSION" />
15-->[androidx.core:core:1.17.0] AndroidManifest.xml:26:5-97
15-->[androidx.core:core:1.17.0] AndroidManifest.xml:26:22-94
16
17    <application
17-->src/main/AndroidManifest.xml:5:5-25:19
18        android:allowBackup="true"
18-->src/main/AndroidManifest.xml:6:9-35
19        android:appComponentFactory="androidx.core.app.CoreComponentFactory"
19-->[androidx.core:core:1.17.0] AndroidManifest.xml:28:18-86
20        android:dataExtractionRules="@xml/data_extraction_rules"
20-->src/main/AndroidManifest.xml:7:9-65
21        android:debuggable="true"
22        android:extractNativeLibs="false"
23        android:fullBackupContent="@xml/backup_rules"
23-->src/main/AndroidManifest.xml:8:9-54
24        android:icon="@mipmap/ic_launcher"
24-->src/main/AndroidManifest.xml:9:9-43
25        android:label="@string/app_name"
25-->src/main/AndroidManifest.xml:10:9-41
26        android:roundIcon="@mipmap/ic_launcher_round"
26-->src/main/AndroidManifest.xml:11:9-54
27        android:supportsRtl="true"
27-->src/main/AndroidManifest.xml:12:9-35
28        android:testOnly="true"
29        android:theme="@style/Theme.XPJourney" >
29-->src/main/AndroidManifest.xml:13:9-47
30        <activity
30-->src/main/AndroidManifest.xml:14:9-24:20
31            android:name="com.example.xpjourney.MainActivity"
31-->src/main/AndroidManifest.xml:15:13-41
32            android:exported="true"
32-->src/main/AndroidManifest.xml:16:13-36
33            android:label="@string/app_name"
33-->src/main/AndroidManifest.xml:17:13-45
34            android:theme="@style/Theme.XPJourney" >
34-->src/main/AndroidManifest.xml:18:13-51
35            <intent-filter>
35-->src/main/AndroidManifest.xml:19:13-23:29
36                <action android:name="android.intent.action.MAIN" />
36-->src/main/AndroidManifest.xml:20:17-69
36-->src/main/AndroidManifest.xml:20:25-66
37
38                <category android:name="android.intent.category.LAUNCHER" />
38-->src/main/AndroidManifest.xml:22:17-77
38-->src/main/AndroidManifest.xml:22:27-74
39            </intent-filter>
40        </activity>
41        <activity
41-->[androidx.compose.ui:ui-tooling-android:1.10.0] AndroidManifest.xml:23:9-25:39
42            android:name="androidx.compose.ui.tooling.PreviewActivity"
42-->[androidx.compose.ui:ui-tooling-android:1.10.0] AndroidManifest.xml:24:13-71
43            android:exported="true" />
43-->[androidx.compose.ui:ui-tooling-android:1.10.0] AndroidManifest.xml:25:13-36
44
45        <uses-library
45-->[androidx.window:window:1.5.0] AndroidManifest.xml:23:9-25:40
46            android:name="androidx.window.extensions"
46-->[androidx.window:window:1.5.0] AndroidManifest.xml:24:13-54
47            android:required="false" />
47-->[androidx.window:window:1.5.0] AndroidManifest.xml:25:13-37
48        <uses-library
48-->[androidx.window:window:1.5.0] AndroidManifest.xml:26:9-28:40
49            android:name="androidx.window.sidecar"
49-->[androidx.window:window:1.5.0] AndroidManifest.xml:27:13-51
50            android:required="false" />
50-->[androidx.window:window:1.5.0] AndroidManifest.xml:28:13-37
51
52        <provider
52-->[androidx.emoji2:emoji2:1.4.0] AndroidManifest.xml:24:9-32:20
53            android:name="androidx.startup.InitializationProvider"
53-->[androidx.emoji2:emoji2:1.4.0] AndroidManifest.xml:25:13-67
54            android:authorities="com.example.xpjourney.androidx-startup"
54-->[androidx.emoji2:emoji2:1.4.0] AndroidManifest.xml:26:13-68
55            android:exported="false" >
55-->[androidx.emoji2:emoji2:1.4.0] AndroidManifest.xml:27:13-37
56            <meta-data
56-->[androidx.emoji2:emoji2:1.4.0] AndroidManifest.xml:29:13-31:52
57                android:name="androidx.emoji2.text.EmojiCompatInitializer"
57-->[androidx.emoji2:emoji2:1.4.0] AndroidManifest.xml:30:17-75
58                android:value="androidx.startup" />
58-->[androidx.emoji2:emoji2:1.4.0] AndroidManifest.xml:31:17-49
59            <meta-data
59-->[androidx.lifecycle:lifecycle-process:2.10.0] AndroidManifest.xml:29:13-31:52
60                android:name="androidx.lifecycle.ProcessLifecycleInitializer"
60-->[androidx.lifecycle:lifecycle-process:2.10.0] AndroidManifest.xml:30:17-78
61                android:value="androidx.startup" />
61-->[androidx.lifecycle:lifecycle-process:2.10.0] AndroidManifest.xml:31:17-49
62            <meta-data
62-->[androidx.profileinstaller:profileinstaller:1.4.0] AndroidManifest.xml:29:13-31:52
63                android:name="androidx.profileinstaller.ProfileInstallerInitializer"
63-->[androidx.profileinstaller:profileinstaller:1.4.0] AndroidManifest.xml:30:17-85
64                android:value="androidx.startup" />
64-->[androidx.profileinstaller:profileinstaller:1.4.0] AndroidManifest.xml:31:17-49
65        </provider>
66
67        <activity
67-->[androidx.compose.ui:ui-test-manifest:1.10.0] AndroidManifest.xml:23:9-26:79
68            android:name="androidx.activity.ComponentActivity"
68-->[androidx.compose.ui:ui-test-manifest:1.10.0] AndroidManifest.xml:24:13-63
69            android:exported="true"
69-->[androidx.compose.ui:ui-test-manifest:1.10.0] AndroidManifest.xml:25:13-36
70            android:theme="@android:style/Theme.Material.Light.NoActionBar" />
70-->[androidx.compose.ui:ui-test-manifest:1.10.0] AndroidManifest.xml:26:13-76
71
72        <service
72-->[androidx.room:room-runtime-android:2.8.4] AndroidManifest.xml:24:9-28:63
73            android:name="androidx.room.MultiInstanceInvalidationService"
73-->[androidx.room:room-runtime-android:2.8.4] AndroidManifest.xml:25:13-74
74            android:directBootAware="true"
74-->[androidx.room:room-runtime-android:2.8.4] AndroidManifest.xml:26:13-43
75            android:exported="false" />
75-->[androidx.room:room-runtime-android:2.8.4] AndroidManifest.xml:27:13-37
76
77        <receiver
77-->[androidx.profileinstaller:profileinstaller:1.4.0] AndroidManifest.xml:34:9-52:20
78            android:name="androidx.profileinstaller.ProfileInstallReceiver"
78-->[androidx.profileinstaller:profileinstaller:1.4.0] AndroidManifest.xml:35:13-76
79            android:directBootAware="false"
79-->[androidx.profileinstaller:profileinstaller:1.4.0] AndroidManifest.xml:36:13-44
80            android:enabled="true"
80-->[androidx.profileinstaller:profileinstaller:1.4.0] AndroidManifest.xml:37:13-35
81            android:exported="true"
81-->[androidx.profileinstaller:profileinstaller:1.4.0] AndroidManifest.xml:38:13-36
82            android:permission="android.permission.DUMP" >
82-->[androidx.profileinstaller:profileinstaller:1.4.0] AndroidManifest.xml:39:13-57
83            <intent-filter>
83-->[androidx.profileinstaller:profileinstaller:1.4.0] AndroidManifest.xml:40:13-42:29
84                <action android:name="androidx.profileinstaller.action.INSTALL_PROFILE" />
84-->[androidx.profileinstaller:profileinstaller:1.4.0] AndroidManifest.xml:41:17-91
84-->[androidx.profileinstaller:profileinstaller:1.4.0] AndroidManifest.xml:41:25-88
85            </intent-filter>
86            <intent-filter>
86-->[androidx.profileinstaller:profileinstaller:1.4.0] AndroidManifest.xml:43:13-45:29
87                <action android:name="androidx.profileinstaller.action.SKIP_FILE" />
87-->[androidx.profileinstaller:profileinstaller:1.4.0] AndroidManifest.xml:44:17-85
87-->[androidx.profileinstaller:profileinstaller:1.4.0] AndroidManifest.xml:44:25-82
88            </intent-filter>
89            <intent-filter>
89-->[androidx.profileinstaller:profileinstaller:1.4.0] AndroidManifest.xml:46:13-48:29
90                <action android:name="androidx.profileinstaller.action.SAVE_PROFILE" />
90-->[androidx.profileinstaller:profileinstaller:1.4.0] AndroidManifest.xml:47:17-88
90-->[androidx.profileinstaller:profileinstaller:1.4.0] AndroidManifest.xml:47:25-85
91            </intent-filter>
92            <intent-filter>
92-->[androidx.profileinstaller:profileinstaller:1.4.0] AndroidManifest.xml:49:13-51:29
93                <action android:name="androidx.profileinstaller.action.BENCHMARK_OPERATION" />
93-->[androidx.profileinstaller:profileinstaller:1.4.0] AndroidManifest.xml:50:17-95
93-->[androidx.profileinstaller:profileinstaller:1.4.0] AndroidManifest.xml:50:25-92
94            </intent-filter>
95        </receiver>
96    </application>
97
98</manifest>